# JRE version: Java(TM) SE Runtime Environment (17.0.8+9) (build 17.0.8+9-LTS-211)
# Java VM: Java HotSpot(TM) 64-Bit Server VM (17.0.8+9-LTS-211, mixed mode, emulated-client, sharing, tiered, compressed oops, compressed class ptrs, g1 gc, windows-amd64)
GC Precious Log:
 CPUs: 4 total, 4 available
 Memory: 7989M
 Large Page Support: Disabled
 NUMA Support: Disabled
 Compressed Oops: Enabled (32-bit)
 Heap Region Size: 1M
 Heap Min Capacity: 8M
 Heap Initial Capacity: 126M
 Heap Max Capacity: 1998M
 Pre-touch: Disabled
 Parallel Workers: 4
 Concurrent Workers: 1
 Concurrent Refinement Workers: 4
 Periodic GC: Disabled
Heap:
 garbage-first heap   total 196608K, used 32944K [0x0000000083200000, 0x0000000100000000)
  region size 1024K, 2 young (2048K), 2 survivors (2048K)
 Metaspace       used 67000K, committed 67648K, reserved 1114112K
  class space    used 9710K, committed 10048K, reserved 1048576K
GC Heap History (20 events):
Event: 10703.792 GC heap after
{Heap after GC invocations=34 (full 0):
 garbage-first heap   total 91136K, used 34569K [0x0000000083200000, 0x0000000100000000)
  region size 1024K, 1 young (1024K), 1 survivors (1024K)
 Metaspace       used 66645K, committed 67328K, reserved 1114112K
  class space    used 9699K, committed 10048K, reserved 1048576K
}
Event: 10963.748 GC heap before
{Heap before GC invocations=34 (full 0):
 garbage-first heap   total 91136K, used 46857K [0x0000000083200000, 0x0000000100000000)
  region size 1024K, 14 young (14336K), 1 survivors (1024K)
 Metaspace       used 66746K, committed 67456K, reserved 1114112K
  class space    used 9721K, committed 10048K, reserved 1048576K
}
Event: 11013.243 GC heap after
{Heap after GC invocations=35 (full 1):
 garbage-first heap   total 89088K, used 24652K [0x0000000083200000, 0x0000000100000000)
  region size 1024K, 0 young (0K), 0 survivors (0K)
 Metaspace       used 66399K, committed 67456K, reserved 1114112K
  class space    used 9646K, committed 10048K, reserved 1048576K
}
Event: 11046.824 GC heap before
{Heap before GC invocations=35 (full 1):
 garbage-first heap   total 89088K, used 74828K [0x0000000083200000, 0x0000000100000000)
  region size 1024K, 50 young (51200K), 0 survivors (0K)
 Metaspace       used 66568K, committed 67456K, reserved 1114112K
  class space    used 9668K, committed 10048K, reserved 1048576K
}
Event: 11049.240 GC heap after
{Heap after GC invocations=36 (full 1):
 garbage-first heap   total 89088K, used 29479K [0x0000000083200000, 0x0000000100000000)
  region size 1024K, 5 young (5120K), 5 survivors (5120K)
 Metaspace       used 66568K, committed 67456K, reserved 1114112K
  class space    used 9668K, committed 10048K, reserved 1048576K
}
Event: 11050.538 GC heap before
{Heap before GC invocations=36 (full 1):
 garbage-first heap   total 89088K, used 30503K [0x0000000083200000, 0x0000000100000000)
  region size 1024K, 6 young (6144K), 5 survivors (5120K)
 Metaspace       used 66618K, committed 67520K, reserved 1114112K
  class space    used 9669K, committed 10048K, reserved 1048576K
}
Event: 11051.519 GC heap after
{Heap after GC invocations=37 (full 1):
 garbage-first heap   total 89088K, used 30177K [0x0000000083200000, 0x0000000100000000)
  region size 1024K, 1 young (1024K), 1 survivors (1024K)
 Metaspace       used 66618K, committed 67520K, reserved 1114112K
  class space    used 9669K, committed 10048K, reserved 1048576K
}
Event: 11052.836 GC heap before
{Heap before GC invocations=37 (full 1):
 garbage-first heap   total 89088K, used 33249K [0x0000000083200000, 0x0000000100000000)
  region size 1024K, 4 young (4096K), 1 survivors (1024K)
 Metaspace       used 66671K, committed 67520K, reserved 1114112K
  class space    used 9682K, committed 10048K, reserved 1048576K
}
Event: 11052.840 GC heap after
{Heap after GC invocations=38 (full 1):
 garbage-first heap   total 89088K, used 30198K [0x0000000083200000, 0x0000000100000000)
  region size 1024K, 1 young (1024K), 1 survivors (1024K)
 Metaspace       used 66671K, committed 67520K, reserved 1114112K
  class space    used 9682K, committed 10048K, reserved 1048576K
}
Event: 11053.158 GC heap before
{Heap before GC invocations=38 (full 1):
 garbage-first heap   total 89088K, used 33270K [0x0000000083200000, 0x0000000100000000)
  region size 1024K, 4 young (4096K), 1 survivors (1024K)
 Metaspace       used 66700K, committed 67520K, reserved 1114112K
  class space    used 9686K, committed 10048K, reserved 1048576K
}
Event: 11053.163 GC heap after
{Heap after GC invocations=39 (full 1):
 garbage-first heap   total 89088K, used 30242K [0x0000000083200000, 0x0000000100000000)
  region size 1024K, 1 young (1024K), 1 survivors (1024K)
 Metaspace       used 66700K, committed 67520K, reserved 1114112K
  class space    used 9686K, committed 10048K, reserved 1048576K
}
Event: 11055.206 GC heap before
{Heap before GC invocations=39 (full 1):
 garbage-first heap   total 89088K, used 36386K [0x0000000083200000, 0x0000000100000000)
  region size 1024K, 7 young (7168K), 1 survivors (1024K)
 Metaspace       used 66745K, committed 67520K, reserved 1114112K
  class space    used 9693K, committed 10048K, reserved 1048576K
}
Event: 11055.456 GC heap after
{Heap after GC invocations=40 (full 1):
 garbage-first heap   total 196608K, used 30584K [0x0000000083200000, 0x0000000100000000)
  region size 1024K, 1 young (1024K), 1 survivors (1024K)
 Metaspace       used 66745K, committed 67520K, reserved 1114112K
  class space    used 9693K, committed 10048K, reserved 1048576K
}
Event: 11057.596 GC heap before
{Heap before GC invocations=40 (full 1):
 garbage-first heap   total 196608K, used 38776K [0x0000000083200000, 0x0000000100000000)
  region size 1024K, 9 young (9216K), 1 survivors (1024K)
 Metaspace       used 66857K, committed 67584K, reserved 1114112K
  class space    used 9702K, committed 10048K, reserved 1048576K
}
Event: 11057.759 GC heap after
{Heap after GC invocations=41 (full 1):
 garbage-first heap   total 196608K, used 31749K [0x0000000083200000, 0x0000000100000000)
  region size 1024K, 2 young (2048K), 2 survivors (2048K)
 Metaspace       used 66857K, committed 67584K, reserved 1114112K
  class space    used 9702K, committed 10048K, reserved 1048576K
}
Event: 11058.053 GC heap before
{Heap before GC invocations=41 (full 1):
 garbage-first heap   total 196608K, used 38917K [0x0000000083200000, 0x0000000100000000)
  region size 1024K, 9 young (9216K), 2 survivors (2048K)
 Metaspace       used 66912K, committed 67584K, reserved 1114112K
  class space    used 9705K, committed 10048K, reserved 1048576K
}
Event: 11058.378 GC heap after
{Heap after GC invocations=42 (full 1):
 garbage-first heap   total 196608K, used 32023K [0x0000000083200000, 0x0000000100000000)
  region size 1024K, 1 young (1024K), 1 survivors (1024K)
 Metaspace       used 66912K, committed 67584K, reserved 1114112K
  class space    used 9705K, committed 10048K, reserved 1048576K
}
Event: 11060.688 GC heap before
{Heap before GC invocations=42 (full 1):
 garbage-first heap   total 196608K, used 40215K [0x0000000083200000, 0x0000000100000000)
  region size 1024K, 9 young (9216K), 1 survivors (1024K)
 Metaspace       used 66971K, committed 67648K, reserved 1114112K
  class space    used 9707K, committed 10048K, reserved 1048576K
}
Event: 11060.727 GC heap after
{Heap after GC invocations=43 (full 1):
 garbage-first heap   total 196608K, used 32580K [0x0000000083200000, 0x0000000100000000)
  region size 1024K, 1 young (1024K), 1 survivors (1024K)
 Metaspace       used 66971K, committed 67648K, reserved 1114112K
  class space    used 9707K, committed 10048K, reserved 1048576K
}
Event: 11061.160 GC heap before
{Heap before GC invocations=43 (full 1):
 garbage-first heap   total 196608K, used 40772K [0x0000000083200000, 0x0000000100000000)
  region size 1024K, 9 young (9216K), 1 survivors (1024K)
 Metaspace       used 67000K, committed 67648K, reserved 1114112K
  class space    used 9710K, committed 10048K, reserved 1048576K
}

